<?xml version="1.0" encoding="UTF-8"?>
<!-- Generated by org.testng.reporters.JUnitReportReporter -->
<testsuite skipped="0" hostname="Akash" name="PomobjectRepository.FacebbokHome" tests="1" failures="0" timestamp="2022-06-28T06:58:00 IST" time="11.420" errors="0">
  <testcase name="main" time="11.420" classname="PomobjectRepository.FacebbokHome"/>
  <system-out/>
</testsuite> <!-- PomobjectRepository.FacebbokHome -->
