<?xml version="1.0" encoding="UTF-8"?>
<!-- Generated by org.testng.reporters.JUnitReportReporter -->
<testsuite skipped="0" hostname="Akash" name="PomTestCases.RedifApplication" tests="1" failures="0" timestamp="2022-06-28T06:28:44 IST" time="64.240" errors="0">
  <testcase name="login" time="64.240" classname="PomTestCases.RedifApplication"/>
  <system-out/>
</testsuite> <!-- PomTestCases.RedifApplication -->
