<?xml version="1.0" encoding="UTF-8"?>
<!-- Generated by org.testng.reporters.JUnitReportReporter -->
<testsuite skipped="0" hostname="Akash" name="PomTestNg.GrowwTest" tests="1" failures="0" timestamp="2022-07-12T23:09:49 IST" time="12.459" errors="0">
  <testcase name="loginpage" time="12.459" classname="PomTestNg.GrowwTest"/>
  <system-out/>
</testsuite> <!-- PomTestNg.GrowwTest -->
